<?xml version="1.0" encoding="UTF-8"?>
<testsuite name="ru.netology.springbootconditionalapp.SpringBootConditionalAppApplicationTests" tests="1" skipped="0" failures="0" errors="0" timestamp="2024-12-07T18:47:49" hostname="DESKTOP-8OBP272" time="0.271">
  <properties/>
  <testcase name="contextLoads()" classname="ru.netology.springbootconditionalapp.SpringBootConditionalAppApplicationTests" time="0.271"/>
  <system-out><![CDATA[21:47:47.880 [Test worker] DEBUG org.springframework.test.context.BootstrapUtils - Instantiating CacheAwareContextLoaderDelegate from class [org.springframework.test.context.cache.DefaultCacheAwareContextLoaderDelegate]
21:47:47.886 [Test worker] DEBUG org.springframework.test.context.BootstrapUtils - Instantiating BootstrapContext using constructor [public org.springframework.test.context.support.DefaultBootstrapContext(java.lang.Class,org.springframework.test.context.CacheAwareContextLoaderDelegate)]
21:47:47.906 [Test worker] DEBUG org.springframework.test.context.BootstrapUtils - Instantiating TestContextBootstrapper for test class [ru.netology.springbootconditionalapp.SpringBootConditionalAppApplicationTests] from class [org.springframework.boot.test.context.SpringBootTestContextBootstrapper]
21:47:47.912 [Test worker] INFO org.springframework.boot.test.context.SpringBootTestContextBootstrapper - Neither @ContextConfiguration nor @ContextHierarchy found for test class [ru.netology.springbootconditionalapp.SpringBootConditionalAppApplicationTests], using SpringBootContextLoader
21:47:47.914 [Test worker] DEBUG org.springframework.test.context.support.AbstractContextLoader - Did not detect default resource location for test class [ru.netology.springbootconditionalapp.SpringBootConditionalAppApplicationTests]: class path resource [ru/netology/springbootconditionalapp/SpringBootConditionalAppApplicationTests-context.xml] does not exist
21:47:47.914 [Test worker] DEBUG org.springframework.test.context.support.AbstractContextLoader - Did not detect default resource location for test class [ru.netology.springbootconditionalapp.SpringBootConditionalAppApplicationTests]: class path resource [ru/netology/springbootconditionalapp/SpringBootConditionalAppApplicationTestsContext.groovy] does not exist
21:47:47.914 [Test worker] INFO org.springframework.test.context.support.AbstractContextLoader - Could not detect default resource locations for test class [ru.netology.springbootconditionalapp.SpringBootConditionalAppApplicationTests]: no resource found for suffixes {-context.xml, Context.groovy}.
21:47:47.915 [Test worker] INFO org.springframework.test.context.support.AnnotationConfigContextLoaderUtils - Could not detect default configuration classes for test class [ru.netology.springbootconditionalapp.SpringBootConditionalAppApplicationTests]: SpringBootConditionalAppApplicationTests does not declare any static, non-private, non-final, nested classes annotated with @Configuration.
21:47:47.936 [Test worker] DEBUG org.springframework.test.context.support.ActiveProfilesUtils - Could not find an 'annotation declaring class' for annotation type [org.springframework.test.context.ActiveProfiles] and class [ru.netology.springbootconditionalapp.SpringBootConditionalAppApplicationTests]
21:47:47.976 [Test worker] DEBUG org.springframework.context.annotation.ClassPathScanningCandidateComponentProvider - Identified candidate component class: file [C:\Users\User\IdeaProjects\untitled133\SpringBoot-main\build\classes\java\main\ru\netology\springbootconditionalapp\SpringBootConditionalAppApplication.class]
21:47:47.977 [Test worker] INFO org.springframework.boot.test.context.SpringBootTestContextBootstrapper - Found @SpringBootConfiguration ru.netology.springbootconditionalapp.SpringBootConditionalAppApplication for test class ru.netology.springbootconditionalapp.SpringBootConditionalAppApplicationTests
21:47:48.031 [Test worker] DEBUG org.springframework.boot.test.context.SpringBootTestContextBootstrapper - @TestExecutionListeners is not present for class [ru.netology.springbootconditionalapp.SpringBootConditionalAppApplicationTests]: using defaults.
21:47:48.032 [Test worker] INFO org.springframework.boot.test.context.SpringBootTestContextBootstrapper - Loaded default TestExecutionListener class names from location [META-INF/spring.factories]: [org.springframework.boot.test.autoconfigure.restdocs.RestDocsTestExecutionListener, org.springframework.boot.test.autoconfigure.web.client.MockRestServiceServerResetTestExecutionListener, org.springframework.boot.test.autoconfigure.web.servlet.MockMvcPrintOnlyOnFailureTestExecutionListener, org.springframework.boot.test.autoconfigure.web.servlet.WebDriverTestExecutionListener, org.springframework.boot.test.autoconfigure.webservices.client.MockWebServiceServerTestExecutionListener, org.springframework.boot.test.mock.mockito.MockitoTestExecutionListener, org.springframework.boot.test.mock.mockito.ResetMocksTestExecutionListener, org.springframework.test.context.web.ServletTestExecutionListener, org.springframework.test.context.support.DirtiesContextBeforeModesTestExecutionListener, org.springframework.test.context.event.ApplicationEventsTestExecutionListener, org.springframework.test.context.support.DependencyInjectionTestExecutionListener, org.springframework.test.context.support.DirtiesContextTestExecutionListener, org.springframework.test.context.transaction.TransactionalTestExecutionListener, org.springframework.test.context.jdbc.SqlScriptsTestExecutionListener, org.springframework.test.context.event.EventPublishingTestExecutionListener]
21:47:48.038 [Test worker] DEBUG org.springframework.boot.test.context.SpringBootTestContextBootstrapper - Skipping candidate TestExecutionListener [org.springframework.test.context.transaction.TransactionalTestExecutionListener] due to a missing dependency. Specify custom listener classes or make the default listener classes and their required dependencies available. Offending class: [org/springframework/transaction/interceptor/TransactionAttributeSource]
21:47:48.038 [Test worker] DEBUG org.springframework.boot.test.context.SpringBootTestContextBootstrapper - Skipping candidate TestExecutionListener [org.springframework.test.context.jdbc.SqlScriptsTestExecutionListener] due to a missing dependency. Specify custom listener classes or make the default listener classes and their required dependencies available. Offending class: [org/springframework/transaction/interceptor/TransactionAttribute]
21:47:48.038 [Test worker] INFO org.springframework.boot.test.context.SpringBootTestContextBootstrapper - Using TestExecutionListeners: [org.springframework.test.context.web.ServletTestExecutionListener@2a39fe6a, org.springframework.test.context.support.DirtiesContextBeforeModesTestExecutionListener@410ae9a3, org.springframework.test.context.event.ApplicationEventsTestExecutionListener@319988b0, org.springframework.boot.test.mock.mockito.MockitoTestExecutionListener@d5ae57e, org.springframework.boot.test.autoconfigure.SpringBootDependencyInjectionTestExecutionListener@68759011, org.springframework.test.context.support.DirtiesContextTestExecutionListener@7e242b4d, org.springframework.test.context.event.EventPublishingTestExecutionListener@305f031, org.springframework.boot.test.autoconfigure.restdocs.RestDocsTestExecutionListener@592e843a, org.springframework.boot.test.autoconfigure.web.client.MockRestServiceServerResetTestExecutionListener@1d1f7216, org.springframework.boot.test.autoconfigure.web.servlet.MockMvcPrintOnlyOnFailureTestExecutionListener@423e4cbb, org.springframework.boot.test.autoconfigure.web.servlet.WebDriverTestExecutionListener@6e16b8b5, org.springframework.boot.test.autoconfigure.webservices.client.MockWebServiceServerTestExecutionListener@43b4fe19, org.springframework.boot.test.mock.mockito.ResetMocksTestExecutionListener@25ddbbbb]
21:47:48.041 [Test worker] DEBUG org.springframework.test.context.support.AbstractDirtiesContextTestExecutionListener - Before test class: context [DefaultTestContext@7e809b79 testClass = SpringBootConditionalAppApplicationTests, testInstance = [null], testMethod = [null], testException = [null], mergedContextConfiguration = [WebMergedContextConfiguration@5cc126dc testClass = SpringBootConditionalAppApplicationTests, locations = '{}', classes = '{class ru.netology.springbootconditionalapp.SpringBootConditionalAppApplication}', contextInitializerClasses = '[]', activeProfiles = '{}', propertySourceLocations = '{}', propertySourceProperties = '{org.springframework.boot.test.context.SpringBootTestContextBootstrapper=true}', contextCustomizers = set[org.springframework.boot.test.autoconfigure.actuate.metrics.MetricsExportContextCustomizerFactory$DisableMetricExportContextCustomizer@3a0baae5, org.springframework.boot.test.autoconfigure.properties.PropertyMappingContextCustomizer@0, org.springframework.boot.test.autoconfigure.web.servlet.WebDriverContextCustomizerFactory$Customizer@77d67cf3, org.springframework.boot.test.context.filter.ExcludeFilterContextCustomizer@5d12a356, org.springframework.boot.test.json.DuplicateJsonObjectContextCustomizerFactory$DuplicateJsonObjectContextCustomizer@4b3ed2f0, org.springframework.boot.test.mock.mockito.MockitoContextCustomizer@0, org.springframework.boot.test.web.client.TestRestTemplateContextCustomizer@142269f2, org.springframework.boot.test.context.SpringBootTestArgs@1, org.springframework.boot.test.context.SpringBootTestWebEnvironment@53fdffa1], resourceBasePath = 'src/main/webapp', contextLoader = 'org.springframework.boot.test.context.SpringBootContextLoader', parent = [null]], attributes = map['org.springframework.test.context.web.ServletTestExecutionListener.activateListener' -> true]], class annotated with @DirtiesContext [false] with mode [null].

  .   ____          _            __ _ _
 /\\ / ___'_ __ _ _(_)_ __  __ _ \ \ \ \
( ( )\___ | '_ | '_| | '_ \/ _` | \ \ \ \
 \\/  ___)| |_)| | | | | || (_| |  ) ) ) )
  '  |____| .__|_| |_|_| |_\__, | / / / /
 =========|_|==============|___/=/_/_/_/
 :: Spring Boot ::                (v2.7.5)

2024-12-07 21:47:48.217  INFO 12200 --- [    Test worker] SpringBootConditionalAppApplicationTests : Starting SpringBootConditionalAppApplicationTests using Java 17.0.11 on DESKTOP-8OBP272 with PID 12200 (started by User in C:\Users\User\IdeaProjects\untitled133\SpringBoot-main)
2024-12-07 21:47:48.218  INFO 12200 --- [    Test worker] SpringBootConditionalAppApplicationTests : No active profile set, falling back to 1 default profile: "default"
2024-12-07 21:47:49.408  INFO 12200 --- [    Test worker] o.s.b.a.e.web.EndpointLinksResolver      : Exposing 1 endpoint(s) beneath base path '/actuator'
2024-12-07 21:47:49.441  INFO 12200 --- [    Test worker] SpringBootConditionalAppApplicationTests : Started SpringBootConditionalAppApplicationTests in 1.376 seconds (JVM running for 2.018)
]]></system-out>
  <system-err><![CDATA[]]></system-err>
</testsuite>
